<?xml version="1.0" encoding="UTF-8"?>
<!-- Generated by org.testng.reporters.JUnitReportReporter -->
<testsuite hostname="LAPTOP-CGEUK4NA" name="Test.dependentTestByGroups" tests="2" failures="0" timestamp="7 Nov 2018 14:49:11 GMT" time="0.015" errors="0">
  <testcase name="testMethodByGroup1" time="0.000" classname="Test.dependentTestByGroups"/>
  <testcase name="testMethodByGroup2" time="0.015" classname="Test.dependentTestByGroups"/>
</testsuite> <!-- Test.dependentTestByGroups -->
