<?xml version="1.0" encoding="UTF-8"?>
<!-- Generated by org.testng.reporters.JUnitReportReporter -->
<testsuite hostname="LAPTOP-CGEUK4NA" name="Test.GroupsSampleProgram" tests="5" failures="0" timestamp="6 Nov 2018 08:27:37 GMT" time="0.056" errors="0">
  <testcase name="regressionSanity" time="0.041" classname="Test.GroupsSampleProgram"/>
  <testcase name="sanityTest4" time="0.004" classname="Test.GroupsSampleProgram"/>
  <testcase name="sanityTest3" time="0.005" classname="Test.GroupsSampleProgram"/>
  <testcase name="sanityTest2" time="0.003" classname="Test.GroupsSampleProgram"/>
  <testcase name="sanityTest1" time="0.003" classname="Test.GroupsSampleProgram"/>
</testsuite> <!-- Test.GroupsSampleProgram -->
