<?xml version="1.0" encoding="UTF-8"?>
<!-- Generated by org.testng.reporters.JUnitReportReporter -->
<testsuite hostname="LAPTOP-CGEUK4NA" name="Test.TestClass" tests="2" failures="0" timestamp="2 Nov 2018 12:24:33 GMT" time="0.021" errors="0">
  <testcase name="readData" time="0.002" classname="Test.TestClass"/>
  <testcase name="readData" time="0.019" classname="Test.TestClass"/>
</testsuite> <!-- Test.TestClass -->
