<?xml version="1.0" encoding="UTF-8"?>
<!-- Generated by org.testng.reporters.JUnitReportReporter -->
<testsuite hostname="LAPTOP-CGEUK4NA" name="Test.DataProviderExample" tests="2" failures="0" timestamp="2 Nov 2018 12:13:03 GMT" time="0.080" errors="0">
  <testcase name="readData" time="0.067" classname="Test.DataProviderExample"/>
  <testcase name="readData" time="0.013" classname="Test.DataProviderExample"/>
</testsuite> <!-- Test.DataProviderExample -->
