<?xml version="1.0" encoding="UTF-8"?>
<!-- Generated by org.testng.reporters.JUnitReportReporter -->
<testsuite hostname="LAPTOP-CGEUK4NA" name="Test.ParametersAnnotationUses" tests="1" failures="0" timestamp="4 Nov 2018 14:55:18 GMT" time="163.973" errors="0">
  <testcase name="parametersAnnotationExample" time="163.973" classname="Test.ParametersAnnotationUses"/>
</testsuite> <!-- Test.ParametersAnnotationUses -->
