<?xml version="1.0" encoding="UTF-8"?>
<!-- Generated by org.testng.reporters.JUnitReportReporter -->
<testsuite hostname="LAPTOP-CGEUK4NA" name="Test.DependenciesSample" tests="2" failures="0" timestamp="7 Nov 2018 13:47:22 GMT" time="0.035" errors="0">
  <testcase name="testMethod2" time="0.033" classname="Test.DependenciesSample"/>
  <testcase name="testMethod1" time="0.002" classname="Test.DependenciesSample"/>
</testsuite> <!-- Test.DependenciesSample -->
